<?xml version="1.0" encoding="UTF-8"?>
<!-- Generated by org.testng.reporters.JUnitReportReporter -->
<testsuite hostname="LTIN181192" failures="0" tests="6" name="test_Cases.TS_3" time="13.551" errors="0" timestamp="2024-03-21T00:11:49 IST" skipped="0">
  <testcase classname="test_Cases.TS_3" name="click_gift_card" time="5.784"/>
  <testcase classname="test_Cases.TS_3" name="click_bNa" time="0.157"/>
  <testcase classname="test_Cases.TS_3" name="gift_info" time="2.911"/>
  <testcase classname="test_Cases.TS_3" name="recipient_info" time="1.514"/>
  <testcase classname="test_Cases.TS_3" name="senders_info" time="3.077"/>
  <testcase classname="test_Cases.TS_3" name="error_info" time="0.108"/>
</testsuite> <!-- test_Cases.TS_3 -->
