<?xml version="1.0" encoding="UTF-8"?>
<!-- Generated by org.testng.reporters.JUnitReportReporter -->
<testsuite hostname="LTIN181192" failures="0" tests="8" name="test_Cases.TS_2" time="34.561" errors="0" timestamp="2024-03-21T14:55:47 IST" skipped="0">
  <testcase classname="test_Cases.TS_2" name="clickBook_shelves" time="6.461"/>
  <testcase classname="test_Cases.TS_2" name="Pop2" time="2.164"/>
  <testcase classname="test_Cases.TS_2" name="hover_price" time="5.758"/>
  <testcase classname="test_Cases.TS_2" name="hover_storage" time="2.401"/>
  <testcase classname="test_Cases.TS_2" name="select_stock" time="0.144"/>
  <testcase classname="test_Cases.TS_2" name="select_Home_dkr" time="2.305"/>
  <testcase classname="test_Cases.TS_2" name="Print_Book2" time="6.451"/>
  <testcase classname="test_Cases.TS_2" name="print_collection" time="8.877"/>
</testsuite> <!-- test_Cases.TS_2 -->
