<?xml version="1.0" encoding="UTF-8"?>
<!-- Generated by org.testng.reporters.JUnitReportReporter -->
<testsuite hostname="LTIN181192" failures="0" tests="8" name="test_Cases.TS_1" time="19.435" errors="0" timestamp="2024-03-21T14:55:47 IST" skipped="0">
  <testcase classname="test_Cases.TS_1" name="PrintBook_1" time="8.329"/>
  <testcase classname="test_Cases.TS_1" name="Popup" time="0.128"/>
  <testcase classname="test_Cases.TS_1" name="price" time="0.177"/>
  <testcase classname="test_Cases.TS_1" name="Slide" time="5.554"/>
  <testcase classname="test_Cases.TS_1" name="hover" time="0.172"/>
  <testcase classname="test_Cases.TS_1" name="Storage" time="0.182"/>
  <testcase classname="test_Cases.TS_1" name="out_of_stock_exclude" time="0.189"/>
  <testcase classname="test_Cases.TS_1" name="Books" time="4.704"/>
</testsuite> <!-- test_Cases.TS_1 -->
