<?xml version="1.0" encoding="UTF-8"?>
<!-- Generated by org.testng.reporters.JUnitReportReporter -->
<testsuite hostname="LTIN181192" failures="0" tests="8" name="test_Cases.TS_2" time="39.187" errors="0" timestamp="2024-03-21T00:11:49 IST" skipped="0">
  <testcase classname="test_Cases.TS_2" name="clickBook_shelves" time="6.536"/>
  <testcase classname="test_Cases.TS_2" name="hover_price" time="6.463"/>
  <testcase classname="test_Cases.TS_2" name="Pop2" time="2.819"/>
  <testcase classname="test_Cases.TS_2" name="hover_storage" time="2.634"/>
  <testcase classname="test_Cases.TS_2" name="select_stock" time="1.813"/>
  <testcase classname="test_Cases.TS_2" name="select_Home_dkr" time="3.208"/>
  <testcase classname="test_Cases.TS_2" name="Print_Book2" time="6.522"/>
  <testcase classname="test_Cases.TS_2" name="print_collection" time="9.192"/>
</testsuite> <!-- test_Cases.TS_2 -->
