<?xml version="1.0" encoding="UTF-8"?>
<!-- Generated by org.testng.reporters.JUnitReportReporter -->
<testsuite hostname="LTIN181192" failures="0" tests="11" name="test_Cases.TS_Login" time="35.779" errors="0" timestamp="2024-03-21T14:55:47 IST" skipped="0">
  <testcase classname="test_Cases.TS_Login" name="Login" time="4.738"/>
  <testcase classname="test_Cases.TS_Login" name="LoginClick" time="5.633"/>
  <testcase classname="test_Cases.TS_Login" name="EmailWrite" time="3.311"/>
  <testcase classname="test_Cases.TS_Login" name="Passwrd" time="2.269"/>
  <testcase classname="test_Cases.TS_Login" name="Login_Btnn" time="1.616"/>
  <testcase classname="test_Cases.TS_Login" name="Error" time="9.613"/>
  <testcase classname="test_Cases.TS_Login" name="Loginnew" time="3.172"/>
  <testcase classname="test_Cases.TS_Login" name="LoginClicknew" time="3.354"/>
  <testcase classname="test_Cases.TS_Login" name="Emailnew1" time="0.325"/>
  <testcase classname="test_Cases.TS_Login" name="Passnew" time="0.240"/>
  <testcase classname="test_Cases.TS_Login" name="loginnew" time="1.508"/>
</testsuite> <!-- test_Cases.TS_Login -->
