<?xml version="1.0" encoding="UTF-8"?>
<!-- Generated by org.testng.reporters.JUnitReportReporter -->
<testsuite hostname="LTIN181192" failures="0" tests="11" name="test_Cases.TS_Login" time="34.533" errors="0" timestamp="2024-03-21T00:11:49 IST" skipped="0">
  <testcase classname="test_Cases.TS_Login" name="Login" time="4.910"/>
  <testcase classname="test_Cases.TS_Login" name="LoginClick" time="5.736"/>
  <testcase classname="test_Cases.TS_Login" name="EmailWrite" time="3.393"/>
  <testcase classname="test_Cases.TS_Login" name="Passwrd" time="2.311"/>
  <testcase classname="test_Cases.TS_Login" name="Login_Btnn" time="1.973"/>
  <testcase classname="test_Cases.TS_Login" name="Error" time="7.009"/>
  <testcase classname="test_Cases.TS_Login" name="Loginnew" time="3.376"/>
  <testcase classname="test_Cases.TS_Login" name="LoginClicknew" time="3.418"/>
  <testcase classname="test_Cases.TS_Login" name="Emailnew1" time="0.391"/>
  <testcase classname="test_Cases.TS_Login" name="Passnew" time="0.513"/>
  <testcase classname="test_Cases.TS_Login" name="loginnew" time="1.503"/>
</testsuite> <!-- test_Cases.TS_Login -->
