<?xml version="1.0" encoding="UTF-8"?>
<!-- Generated by org.testng.reporters.JUnitReportReporter -->
<testsuite hostname="LTIN181192" failures="0" tests="6" name="test_Cases.TS_3" time="11.774" errors="0" timestamp="2024-03-21T14:55:47 IST" skipped="0">
  <testcase classname="test_Cases.TS_3" name="click_gift_card" time="6.748"/>
  <testcase classname="test_Cases.TS_3" name="click_bNa" time="0.156"/>
  <testcase classname="test_Cases.TS_3" name="gift_info" time="1.980"/>
  <testcase classname="test_Cases.TS_3" name="recipient_info" time="0.767"/>
  <testcase classname="test_Cases.TS_3" name="senders_info" time="1.987"/>
  <testcase classname="test_Cases.TS_3" name="error_info" time="0.136"/>
</testsuite> <!-- test_Cases.TS_3 -->
