<?xml version="1.0" encoding="UTF-8"?>
<!-- Generated by org.testng.reporters.JUnitReportReporter -->
<testsuite hostname="LTIN181192" failures="0" tests="8" name="test_Cases.TS_1" time="24.710" errors="0" timestamp="2024-03-21T00:11:49 IST" skipped="0">
  <testcase classname="test_Cases.TS_1" name="PrintBook_1" time="8.590"/>
  <testcase classname="test_Cases.TS_1" name="Popup" time="0.576"/>
  <testcase classname="test_Cases.TS_1" name="price" time="0.335"/>
  <testcase classname="test_Cases.TS_1" name="Slide" time="6.216"/>
  <testcase classname="test_Cases.TS_1" name="hover" time="0.303"/>
  <testcase classname="test_Cases.TS_1" name="Storage" time="1.055"/>
  <testcase classname="test_Cases.TS_1" name="out_of_stock_exclude" time="1.347"/>
  <testcase classname="test_Cases.TS_1" name="Books" time="6.288"/>
</testsuite> <!-- test_Cases.TS_1 -->
