<?xml version="1.0" encoding="UTF-8"?>
<!-- Generated by org.testng.reporters.JUnitReportReporter -->
<testsuite hostname="LTIN181192" failures="0" tests="8" name="test_Cases.TS_2" time="32.756" errors="0" timestamp="2024-03-20T23:52:21 IST" skipped="0">
  <testcase classname="test_Cases.TS_2" name="clickBook_shelves" time="5.927"/>
  <testcase classname="test_Cases.TS_2" name="Pop2" time="2.401"/>
  <testcase classname="test_Cases.TS_2" name="hover_price" time="6.146"/>
  <testcase classname="test_Cases.TS_2" name="hover_storage" time="0.450"/>
  <testcase classname="test_Cases.TS_2" name="select_stock" time="0.194"/>
  <testcase classname="test_Cases.TS_2" name="select_Home_dkr" time="2.295"/>
  <testcase classname="test_Cases.TS_2" name="Print_Book2" time="6.507"/>
  <testcase classname="test_Cases.TS_2" name="print_collection" time="8.836"/>
</testsuite> <!-- test_Cases.TS_2 -->
