<?xml version="1.0" encoding="UTF-8"?>
<!-- Generated by org.testng.reporters.JUnitReportReporter -->
<testsuite hostname="LTIN181192" failures="0" tests="6" name="test_Cases.TS_3" time="10.809" errors="0" timestamp="2024-03-20T23:52:21 IST" skipped="0">
  <testcase classname="test_Cases.TS_3" name="click_gift_card" time="6.852"/>
  <testcase classname="test_Cases.TS_3" name="click_bNa" time="0.168"/>
  <testcase classname="test_Cases.TS_3" name="gift_info" time="1.314"/>
  <testcase classname="test_Cases.TS_3" name="recipient_info" time="0.704"/>
  <testcase classname="test_Cases.TS_3" name="senders_info" time="1.627"/>
  <testcase classname="test_Cases.TS_3" name="error_info" time="0.144"/>
</testsuite> <!-- test_Cases.TS_3 -->
