<?xml version="1.0" encoding="UTF-8"?>
<!-- Generated by org.testng.reporters.JUnitReportReporter -->
<testsuite hostname="LTIN181192" failures="0" tests="8" name="test_Cases.TS_1" time="20.116" errors="0" timestamp="2024-03-20T23:52:21 IST" skipped="0">
  <testcase classname="test_Cases.TS_1" name="PrintBook_1" time="8.505"/>
  <testcase classname="test_Cases.TS_1" name="Popup" time="0.307"/>
  <testcase classname="test_Cases.TS_1" name="price" time="0.657"/>
  <testcase classname="test_Cases.TS_1" name="Slide" time="5.678"/>
  <testcase classname="test_Cases.TS_1" name="hover" time="0.157"/>
  <testcase classname="test_Cases.TS_1" name="Storage" time="0.227"/>
  <testcase classname="test_Cases.TS_1" name="out_of_stock_exclude" time="0.166"/>
  <testcase classname="test_Cases.TS_1" name="Books" time="4.419"/>
</testsuite> <!-- test_Cases.TS_1 -->
