<?xml version="1.0" encoding="UTF-8"?>
<!-- Generated by org.testng.reporters.JUnitReportReporter -->
<testsuite hostname="LTIN181192" failures="0" tests="11" name="test_Cases.TS_Login" time="38.381" errors="0" timestamp="2024-03-20T23:52:21 IST" skipped="0">
  <testcase classname="test_Cases.TS_Login" name="Login" time="4.883"/>
  <testcase classname="test_Cases.TS_Login" name="LoginClick" time="5.436"/>
  <testcase classname="test_Cases.TS_Login" name="EmailWrite" time="3.212"/>
  <testcase classname="test_Cases.TS_Login" name="Passwrd" time="2.211"/>
  <testcase classname="test_Cases.TS_Login" name="Login_Btnn" time="6.324"/>
  <testcase classname="test_Cases.TS_Login" name="Error" time="7.394"/>
  <testcase classname="test_Cases.TS_Login" name="Loginnew" time="3.177"/>
  <testcase classname="test_Cases.TS_Login" name="LoginClicknew" time="3.304"/>
  <testcase classname="test_Cases.TS_Login" name="Emailnew1" time="0.297"/>
  <testcase classname="test_Cases.TS_Login" name="Passnew" time="0.495"/>
  <testcase classname="test_Cases.TS_Login" name="loginnew" time="1.648"/>
</testsuite> <!-- test_Cases.TS_Login -->
